<?xml version="1.0" encoding="UTF-8"?>
<!-- Generated by org.testng.reporters.JUnitXMLReporter -->
<testsuite hostname="HP-PC" name="Test" tests="1" failures="1" timestamp="22 Nov 2014 14:58:29 GMT" time="57.056" errors="0">
  <testcase name="verifyHomeTabCal" time="26.512" classname="TestCases.Home_Page">
    <failure type="java.lang.AssertionError" message="null">
      <![CDATA[java.lang.AssertionError: null
	at TestCases.Home_Page.verifyHomeTabCal(Home_Page.java:132)
... Removed 26 stack frames]]>
    </failure>
  </testcase> <!-- verifyHomeTabCal -->
</testsuite> <!-- Test -->
